#8 exporting to image
#8 exporting layers done
#8 exporting manifest sha256:0e7a8389615183b2716477d41d8c086b3e3ff172085941c207bd81b0d98dd8af done
#8 exporting config sha256:507401e8364779495b4c078c3cb167ef3a129f94548627dcc5b085a773f0222e done
#8 exporting attestation manifest sha256:cf86515eff972a71ee2b9807dd6c644883ca2c17a9b9fe1bd3bf477510d3f006 0.0s done
#8 exporting manifest list sha256:ac925ed0b970cb7cc5b68f3952cda2f3f6a1cc1bf0690a905d2bb2a3ea9c44c8
#8 exporting manifest list sha256:ac925ed0b970cb7cc5b68f3952cda2f3f6a1cc1bf0690a905d2bb2a3ea9c44c8 0.0s done
#8 naming to docker.io/library/malware-scanner:latest done
#8 unpacking to docker.io/library/malware-scanner:latest done
#8 DONE 0.1s
[2026-03-31 12:57:51] Scanner-Image erfolgreich gebaut
[2026-03-31 12:57:51] USB-ERKENNUNG
==============
[2026-03-31 12:57:51] USB-Gerät aus Parameter: sda1
[2026-03-31 12:57:51] USB-Gerät verwendet: /dev/sda1
[2026-03-31 12:57:51] Device Variable nach detect_usb_device: 'sda1'
[2026-03-31 12:57:51] === mount_usb_readonly START ===
[2026-03-31 12:57:51] Mounte USB-Stick read-only...
[2026-03-31 12:57:51] USB Device Parameter: 'sda1'
[2026-03-31 12:57:51] TEMP_DIR: /home/it/Downloads/ucms/temp_scan
[2026-03-31 12:57:51] Absoluter TEMP_DIR: /home/it/Downloads/ucms/temp_scan
[2026-03-31 12:57:51] Mountpoint: /home/it/Downloads/ucms/temp_scan/usb_mount
[2026-03-31 12:57:51] lsblk output: 'sda1 '
[2026-03-31 12:57:51] Existing mount from lsblk: ''
[2026-03-31 12:57:51] Erstelle Verzeichnisse...
[2026-03-31 12:57:51] mkdir -p /home/it/Downloads/ucms/temp_scan
[2026-03-31 12:57:51] mkdir -p /home/it/Downloads/ucms/temp_scan/usb_mount
[2026-03-31 12:57:51] Prüfe ob Verzeichnisse existieren...
[2026-03-31 12:57:51] ✓ /home/it/Downloads/ucms/temp_scan existiert
[2026-03-31 12:57:51] ✓ /home/it/Downloads/ucms/temp_scan/usb_mount existiert
[2026-03-31 12:57:51] Mounte /dev/sda1 nach /home/it/Downloads/ucms/temp_scan/usb_mount
[2026-03-31 12:57:51] Kommando: mount -o ro,nosuid,nodev,noexec /dev/sda1 /home/it/Downloads/ucms/temp_scan/usb_mount
[2026-03-31 12:57:51] USB-Stick read-only gemountet unter: /home/it/Downloads/ucms/temp_scan/usb_mount
[2026-03-31 12:57:51] Mount-Funktion zurückgeben: 'drwxr-xr-x 2 root root 4096 Mar 31 12:57 /home/it/Downloads/ucms/temp_scan/usb_mount
/home/it/Downloads/ucms/temp_scan/usb_mount'
[ERROR] usb_mount Verzeichnis existiert nicht: drwxr-xr-x 2 root root 4096 Mar 31 12:57 /home/it/Downloads/ucms/temp_scan/usb_mount
/home/it/Downloads/ucms/temp_scan/usb_mount
[2026-03-31 12:57:51] Aufräumen...
[2026-03-31 12:57:51] Bereinigung abgeschlossen

